<?xml version="1.0" encoding="UTF-8"?>
<!-- Generated by org.testng.reporters.JUnitReportReporter -->
<testsuite skipped="0" hostname="system8-PC" name="mavenkrishna.krishnatest.SecondMaven" tests="2" failures="0" timestamp="07 Sep 2018 04:50:07 GMT" time="34.126" errors="0">
  <testcase name="title" time="18.513" classname="mavenkrishna.krishnatest.SecondMaven"/>
  <testcase name="signin" time="15.613" classname="mavenkrishna.krishnatest.SecondMaven"/>
</testsuite> <!-- mavenkrishna.krishnatest.SecondMaven -->
