<?xml version="1.0" encoding="UTF-8"?>
<!-- Generated by org.testng.reporters.JUnitReportReporter -->
<testsuite skipped="0" hostname="system8-PC" name="mavenkrishna.krishnatest.FirstMaven" tests="3" failures="0" timestamp="07 Sep 2018 04:50:07 GMT" time="50.091" errors="0">
  <testcase name="username" time="17.288" classname="mavenkrishna.krishnatest.FirstMaven"/>
  <testcase name="username1" time="17.807" classname="mavenkrishna.krishnatest.FirstMaven"/>
  <testcase name="register" time="14.996" classname="mavenkrishna.krishnatest.FirstMaven"/>
</testsuite> <!-- mavenkrishna.krishnatest.FirstMaven -->
